  spotLightManager.cpp
  SoundManager.cpp
  SkyBox.cpp
  SceneManager.cpp
  rt3dObjLoader.cpp
c:\users\user\desktop\mikey_fowler29-fireflies-41f4b16bb367\fireflies\rt3dobjloader.cpp(196): warning C4018: '<': signed/unsigned mismatch
c:\users\user\desktop\mikey_fowler29-fireflies-41f4b16bb367\fireflies\rt3dobjloader.cpp(134): warning C4101: 'z': unreferenced local variable
c:\users\user\desktop\mikey_fowler29-fireflies-41f4b16bb367\fireflies\rt3dobjloader.cpp(134): warning C4101: 'y': unreferenced local variable
c:\users\user\desktop\mikey_fowler29-fireflies-41f4b16bb367\fireflies\rt3dobjloader.cpp(134): warning C4101: 'x': unreferenced local variable
  rt3d.cpp
  NormalMappingManager.cpp
c:\users\user\desktop\mikey_fowler29-fireflies-41f4b16bb367\fireflies\normalmappingmanager.cpp(21): warning C4018: '<': signed/unsigned mismatch
c:\users\user\desktop\mikey_fowler29-fireflies-41f4b16bb367\fireflies\normalmappingmanager.cpp(62): warning C4018: '<': signed/unsigned mismatch
  main.cpp
  LightManager.cpp
  FireFlyManager.cpp
c:\users\user\desktop\mikey_fowler29-fireflies-41f4b16bb367\fireflies\fireflymanager.cpp(195): warning C4305: 'argument': truncation from 'double' to 'float'
c:\users\user\desktop\mikey_fowler29-fireflies-41f4b16bb367\fireflies\fireflymanager.cpp(199): warning C4305: 'argument': truncation from 'double' to 'float'
c:\users\user\desktop\mikey_fowler29-fireflies-41f4b16bb367\fireflies\fireflymanager.cpp(203): warning C4305: 'argument': truncation from 'double' to 'float'
c:\users\user\desktop\mikey_fowler29-fireflies-41f4b16bb367\fireflies\fireflymanager.cpp(207): warning C4305: 'argument': truncation from 'double' to 'float'
c:\users\user\desktop\mikey_fowler29-fireflies-41f4b16bb367\fireflies\fireflymanager.cpp(218): warning C4018: '<': signed/unsigned mismatch
c:\users\user\desktop\mikey_fowler29-fireflies-41f4b16bb367\fireflies\fireflymanager.cpp(257): warning C4018: '<': signed/unsigned mismatch
  BloomManager.cpp
  Generating Code...
c:\users\user\desktop\mikey_fowler29-fireflies-41f4b16bb367\fireflies\particlearray.h(42): warning C4715: 'particleArray::setSpecularControl': not all control paths return a value
c:\users\user\desktop\mikey_fowler29-fireflies-41f4b16bb367\fireflies\particlearray.h(40): warning C4715: 'particleArray::setAmbientControl': not all control paths return a value
c:\users\user\desktop\mikey_fowler29-fireflies-41f4b16bb367\fireflies\particlearray.h(41): warning C4715: 'particleArray::setDiffuseControl': not all control paths return a value
c:\users\user\desktop\mikey_fowler29-fireflies-41f4b16bb367\fireflies\particlearray.h(62): warning C4715: 'particleArray::setPosition': not all control paths return a value
  particleArray.cpp
c:\users\user\desktop\mikey_fowler29-fireflies-41f4b16bb367\fireflies\particlearray.cpp(126): warning C4244: '=': conversion from 'int' to 'float', possible loss of data
c:\users\user\desktop\mikey_fowler29-fireflies-41f4b16bb367\fireflies\particlearray.cpp(129): warning C4244: '=': conversion from 'int' to 'float', possible loss of data
c:\users\user\desktop\mikey_fowler29-fireflies-41f4b16bb367\fireflies\particlearray.cpp(175): warning C4244: '=': conversion from 'int' to 'float', possible loss of data
c:\users\user\desktop\mikey_fowler29-fireflies-41f4b16bb367\fireflies\particlearray.cpp(179): warning C4244: '=': conversion from 'int' to 'float', possible loss of data
c:\users\user\desktop\mikey_fowler29-fireflies-41f4b16bb367\fireflies\particlearray.cpp(232): warning C4244: '=': conversion from 'int' to 'float', possible loss of data
c:\users\user\desktop\mikey_fowler29-fireflies-41f4b16bb367\fireflies\particlearray.cpp(235): warning C4244: '=': conversion from 'int' to 'float', possible loss of data
MSVCRTD.lib(initializers.obj) : warning LNK4098: defaultlib 'msvcrt.lib' conflicts with use of other libs; use /NODEFAULTLIB:library
  Fireflies.vcxproj -> C:\Users\User\Desktop\mikey_fowler29-fireflies-41f4b16bb367\Debug\Fireflies.exe
